[2026-03-13T10:15:44.727+0000] {manager.py:469} INFO - Processing files using up to 2 processes at a time 
[2026-03-13T10:15:44.727+0000] {manager.py:470} INFO - Process each file at most once every 30 seconds
[2026-03-13T10:15:44.728+0000] {manager.py:471} INFO - Checking for new files in /opt/airflow/dags every 300 seconds
[2026-03-13T10:15:44.728+0000] {manager.py:738} INFO - Searching for files in /opt/airflow/dags
[2026-03-13T10:15:44.729+0000] {manager.py:741} INFO - There are 0 files in /opt/airflow/dags
[2026-03-13T10:17:28.538+0000] {manager.py:469} INFO - Processing files using up to 2 processes at a time 
[2026-03-13T10:17:28.539+0000] {manager.py:470} INFO - Process each file at most once every 30 seconds
[2026-03-13T10:17:28.539+0000] {manager.py:471} INFO - Checking for new files in /opt/airflow/dags every 300 seconds
[2026-03-13T10:17:28.539+0000] {manager.py:738} INFO - Searching for files in /opt/airflow/dags
[2026-03-13T10:17:28.540+0000] {manager.py:741} INFO - There are 0 files in /opt/airflow/dags
[2026-03-13T10:53:48.829+0000] {manager.py:738} INFO - Searching for files in /opt/airflow/dags
[2026-03-13T10:53:48.838+0000] {manager.py:741} INFO - There are 0 files in /opt/airflow/dags
[2026-03-13T12:16:40.269+0000] {manager.py:738} INFO - Searching for files in /opt/airflow/dags
[2026-03-13T12:16:40.272+0000] {manager.py:741} INFO - There are 0 files in /opt/airflow/dags
[2026-03-13T12:22:54.398+0000] {manager.py:738} INFO - Searching for files in /opt/airflow/dags
[2026-03-13T12:22:54.401+0000] {manager.py:741} INFO - There are 0 files in /opt/airflow/dags
[2026-03-13T13:06:13.748+0000] {manager.py:738} INFO - Searching for files in /opt/airflow/dags
[2026-03-13T13:06:13.749+0000] {manager.py:741} INFO - There are 0 files in /opt/airflow/dags
[2026-03-13T13:10:36.697+0000] {manager.py:469} INFO - Processing files using up to 2 processes at a time 
[2026-03-13T13:10:36.698+0000] {manager.py:470} INFO - Process each file at most once every 30 seconds
[2026-03-13T13:10:36.698+0000] {manager.py:471} INFO - Checking for new files in /opt/airflow/dags every 300 seconds
[2026-03-13T13:10:36.698+0000] {manager.py:738} INFO - Searching for files in /opt/airflow/dags
[2026-03-13T13:10:36.699+0000] {manager.py:741} INFO - There are 0 files in /opt/airflow/dags
[2026-03-13T13:15:37.106+0000] {manager.py:738} INFO - Searching for files in /opt/airflow/dags
[2026-03-13T13:15:37.110+0000] {manager.py:741} INFO - There are 0 files in /opt/airflow/dags
[2026-03-13T13:20:37.564+0000] {manager.py:738} INFO - Searching for files in /opt/airflow/dags
[2026-03-13T13:20:37.575+0000] {manager.py:741} INFO - There are 0 files in /opt/airflow/dags
[2026-03-13T13:25:38.113+0000] {manager.py:738} INFO - Searching for files in /opt/airflow/dags
[2026-03-13T13:25:38.117+0000] {manager.py:741} INFO - There are 0 files in /opt/airflow/dags
[2026-03-13T13:30:38.642+0000] {manager.py:738} INFO - Searching for files in /opt/airflow/dags
[2026-03-13T13:30:38.649+0000] {manager.py:741} INFO - There are 1 files in /opt/airflow/dags
[2026-03-13T13:30:46.782+0000] {manager.py:879} INFO - 
================================================================================
DAG File Processing Stats

File Path                                    PID    Runtime      # DAGs    # Errors  Last Runtime    Last Run
-------------------------------------------  -----  ---------  --------  ----------  --------------  -------------------
/opt/airflow/dags/tourisme_main_pipeline.py                           1           0  0.18s           2026-03-13T13:30:38
================================================================================
[2026-03-13T13:31:17.055+0000] {manager.py:879} INFO - 
================================================================================
DAG File Processing Stats

File Path                                    PID    Runtime      # DAGs    # Errors  Last Runtime    Last Run
-------------------------------------------  -----  ---------  --------  ----------  --------------  -------------------
/opt/airflow/dags/tourisme_main_pipeline.py                           1           0  0.09s           2026-03-13T13:31:09
================================================================================
[2026-03-13T13:31:47.348+0000] {manager.py:879} INFO - 
================================================================================
DAG File Processing Stats

File Path                                    PID    Runtime      # DAGs    # Errors  Last Runtime    Last Run
-------------------------------------------  -----  ---------  --------  ----------  --------------  -------------------
/opt/airflow/dags/tourisme_main_pipeline.py                           1           0  0.08s           2026-03-13T13:31:39
================================================================================
[2026-03-13T13:32:17.616+0000] {manager.py:879} INFO - 
================================================================================
DAG File Processing Stats

File Path                                    PID    Runtime      # DAGs    # Errors  Last Runtime    Last Run
-------------------------------------------  -----  ---------  --------  ----------  --------------  -------------------
/opt/airflow/dags/tourisme_main_pipeline.py                           1           0  0.08s           2026-03-13T13:32:09
================================================================================
[2026-03-13T13:32:47.903+0000] {manager.py:879} INFO - 
================================================================================
DAG File Processing Stats

File Path                                    PID    Runtime      # DAGs    # Errors  Last Runtime    Last Run
-------------------------------------------  -----  ---------  --------  ----------  --------------  -------------------
/opt/airflow/dags/tourisme_main_pipeline.py                           1           0  0.07s           2026-03-13T13:32:39
================================================================================
[2026-03-13T13:33:18.189+0000] {manager.py:879} INFO - 
================================================================================
DAG File Processing Stats

File Path                                    PID    Runtime      # DAGs    # Errors  Last Runtime    Last Run
-------------------------------------------  -----  ---------  --------  ----------  --------------  -------------------
/opt/airflow/dags/tourisme_main_pipeline.py                           1           0  0.19s           2026-03-13T13:33:10
================================================================================
[2026-03-13T13:33:48.486+0000] {manager.py:879} INFO - 
================================================================================
DAG File Processing Stats

File Path                                    PID    Runtime      # DAGs    # Errors  Last Runtime    Last Run
-------------------------------------------  -----  ---------  --------  ----------  --------------  -------------------
/opt/airflow/dags/tourisme_main_pipeline.py                           1           0  0.11s           2026-03-13T13:33:40
================================================================================
[2026-03-13T13:34:18.778+0000] {manager.py:879} INFO - 
================================================================================
DAG File Processing Stats

File Path                                    PID    Runtime      # DAGs    # Errors  Last Runtime    Last Run
-------------------------------------------  -----  ---------  --------  ----------  --------------  -------------------
/opt/airflow/dags/tourisme_main_pipeline.py                           1           0  0.10s           2026-03-13T13:34:10
================================================================================
[2026-03-13T13:34:49.118+0000] {manager.py:879} INFO - 
================================================================================
DAG File Processing Stats

File Path                                    PID    Runtime      # DAGs    # Errors  Last Runtime    Last Run
-------------------------------------------  -----  ---------  --------  ----------  --------------  -------------------
/opt/airflow/dags/tourisme_main_pipeline.py                           1           0  0.09s           2026-03-13T13:34:41
================================================================================
[2026-03-13T13:35:19.361+0000] {manager.py:879} INFO - 
================================================================================
DAG File Processing Stats

File Path                                    PID    Runtime      # DAGs    # Errors  Last Runtime    Last Run
-------------------------------------------  -----  ---------  --------  ----------  --------------  -------------------
/opt/airflow/dags/tourisme_main_pipeline.py                           1           0  0.09s           2026-03-13T13:35:11
================================================================================
[2026-03-13T13:35:39.514+0000] {manager.py:738} INFO - Searching for files in /opt/airflow/dags
[2026-03-13T13:35:39.521+0000] {manager.py:741} INFO - There are 1 files in /opt/airflow/dags
[2026-03-13T13:35:49.641+0000] {manager.py:879} INFO - 
================================================================================
DAG File Processing Stats

File Path                                    PID    Runtime      # DAGs    # Errors  Last Runtime    Last Run
-------------------------------------------  -----  ---------  --------  ----------  --------------  -------------------
/opt/airflow/dags/tourisme_main_pipeline.py                           1           0  0.07s           2026-03-13T13:35:41
================================================================================
[2026-03-13T13:36:19.927+0000] {manager.py:879} INFO - 
================================================================================
DAG File Processing Stats

File Path                                    PID    Runtime      # DAGs    # Errors  Last Runtime    Last Run
-------------------------------------------  -----  ---------  --------  ----------  --------------  -------------------
/opt/airflow/dags/tourisme_main_pipeline.py                           1           0  0.09s           2026-03-13T13:36:11
================================================================================
[2026-03-13T13:36:50.219+0000] {manager.py:879} INFO - 
================================================================================
DAG File Processing Stats

File Path                                    PID    Runtime      # DAGs    # Errors  Last Runtime    Last Run
-------------------------------------------  -----  ---------  --------  ----------  --------------  -------------------
/opt/airflow/dags/tourisme_main_pipeline.py                           1           0  0.09s           2026-03-13T13:36:42
================================================================================
[2026-03-13T13:37:20.499+0000] {manager.py:879} INFO - 
================================================================================
DAG File Processing Stats

File Path                                    PID    Runtime      # DAGs    # Errors  Last Runtime    Last Run
-------------------------------------------  -----  ---------  --------  ----------  --------------  -------------------
/opt/airflow/dags/tourisme_main_pipeline.py                           1           0  0.08s           2026-03-13T13:37:12
================================================================================
[2026-03-13T13:37:50.786+0000] {manager.py:879} INFO - 
================================================================================
DAG File Processing Stats

File Path                                    PID    Runtime      # DAGs    # Errors  Last Runtime    Last Run
-------------------------------------------  -----  ---------  --------  ----------  --------------  -------------------
/opt/airflow/dags/tourisme_main_pipeline.py                           1           0  0.10s           2026-03-13T13:37:42
================================================================================
[2026-03-13T13:38:23.169+0000] {manager.py:469} INFO - Processing files using up to 2 processes at a time 
[2026-03-13T13:38:23.170+0000] {manager.py:470} INFO - Process each file at most once every 30 seconds
[2026-03-13T13:38:23.170+0000] {manager.py:471} INFO - Checking for new files in /opt/airflow/dags every 300 seconds
[2026-03-13T13:38:23.170+0000] {manager.py:738} INFO - Searching for files in /opt/airflow/dags
[2026-03-13T13:38:23.171+0000] {manager.py:741} INFO - There are 1 files in /opt/airflow/dags
[2026-03-13T13:38:23.220+0000] {manager.py:879} INFO - 
================================================================================
DAG File Processing Stats

File Path                                      PID  Runtime      # DAGs    # Errors  Last Runtime    Last Run
-------------------------------------------  -----  ---------  --------  ----------  --------------  ----------
/opt/airflow/dags/tourisme_main_pipeline.py    170  0.02s             0           0
================================================================================
[2026-03-13T13:38:53.406+0000] {manager.py:879} INFO - 
================================================================================
DAG File Processing Stats

File Path                                      PID  Runtime      # DAGs    # Errors  Last Runtime    Last Run
-------------------------------------------  -----  ---------  --------  ----------  --------------  -------------------
/opt/airflow/dags/tourisme_main_pipeline.py    177  0.00s             1           0  0.12s           2026-03-13T13:38:23
================================================================================
[2026-03-13T13:39:23.657+0000] {manager.py:879} INFO - 
================================================================================
DAG File Processing Stats

File Path                                      PID  Runtime      # DAGs    # Errors  Last Runtime    Last Run
-------------------------------------------  -----  ---------  --------  ----------  --------------  -------------------
/opt/airflow/dags/tourisme_main_pipeline.py    182  0.01s             1           0  0.13s           2026-03-13T13:38:53
================================================================================
[2026-03-13T13:39:53.967+0000] {manager.py:879} INFO - 
================================================================================
DAG File Processing Stats

File Path                                      PID  Runtime      # DAGs    # Errors  Last Runtime    Last Run
-------------------------------------------  -----  ---------  --------  ----------  --------------  -------------------
/opt/airflow/dags/tourisme_main_pipeline.py    187  0.01s             1           0  0.07s           2026-03-13T13:39:23
================================================================================
[2026-03-13T13:40:24.289+0000] {manager.py:879} INFO - 
================================================================================
DAG File Processing Stats

File Path                                      PID  Runtime      # DAGs    # Errors  Last Runtime    Last Run
-------------------------------------------  -----  ---------  --------  ----------  --------------  -------------------
/opt/airflow/dags/tourisme_main_pipeline.py    192  0.02s             1           0  0.08s           2026-03-13T13:39:54
================================================================================
[2026-03-13T13:40:54.623+0000] {manager.py:879} INFO - 
================================================================================
DAG File Processing Stats

File Path                                      PID  Runtime      # DAGs    # Errors  Last Runtime    Last Run
-------------------------------------------  -----  ---------  --------  ----------  --------------  -------------------
/opt/airflow/dags/tourisme_main_pipeline.py    197  0.02s             1           0  0.11s           2026-03-13T13:40:24
================================================================================
[2026-03-13T13:41:24.919+0000] {manager.py:879} INFO - 
================================================================================
DAG File Processing Stats

File Path                                      PID  Runtime      # DAGs    # Errors  Last Runtime    Last Run
-------------------------------------------  -----  ---------  --------  ----------  --------------  -------------------
/opt/airflow/dags/tourisme_main_pipeline.py    202  0.00s             1           0  0.10s           2026-03-13T13:40:54
================================================================================
[2026-03-13T13:41:55.219+0000] {manager.py:879} INFO - 
================================================================================
DAG File Processing Stats

File Path                                      PID  Runtime      # DAGs    # Errors  Last Runtime    Last Run
-------------------------------------------  -----  ---------  --------  ----------  --------------  -------------------
/opt/airflow/dags/tourisme_main_pipeline.py    207  0.02s             1           0  0.06s           2026-03-13T13:41:24
================================================================================
[2026-03-13T13:42:25.499+0000] {manager.py:879} INFO - 
================================================================================
DAG File Processing Stats

File Path                                      PID  Runtime      # DAGs    # Errors  Last Runtime    Last Run
-------------------------------------------  -----  ---------  --------  ----------  --------------  -------------------
/opt/airflow/dags/tourisme_main_pipeline.py    212  0.01s             1           0  0.13s           2026-03-13T13:41:55
================================================================================
[2026-03-13T13:42:55.861+0000] {manager.py:879} INFO - 
================================================================================
DAG File Processing Stats

File Path                                      PID  Runtime      # DAGs    # Errors  Last Runtime    Last Run
-------------------------------------------  -----  ---------  --------  ----------  --------------  -------------------
/opt/airflow/dags/tourisme_main_pipeline.py    217  0.02s             1           0  0.09s           2026-03-13T13:42:25
================================================================================
[2026-03-13T13:43:24.112+0000] {manager.py:738} INFO - Searching for files in /opt/airflow/dags
[2026-03-13T13:43:24.117+0000] {manager.py:741} INFO - There are 1 files in /opt/airflow/dags
[2026-03-13T13:43:26.160+0000] {manager.py:879} INFO - 
================================================================================
DAG File Processing Stats

File Path                                      PID  Runtime      # DAGs    # Errors  Last Runtime    Last Run
-------------------------------------------  -----  ---------  --------  ----------  --------------  -------------------
/opt/airflow/dags/tourisme_main_pipeline.py    222  0.01s             1           0  0.12s           2026-03-13T13:42:55
================================================================================
[2026-03-13T13:43:56.450+0000] {manager.py:879} INFO - 
================================================================================
DAG File Processing Stats

File Path                                      PID  Runtime      # DAGs    # Errors  Last Runtime    Last Run
-------------------------------------------  -----  ---------  --------  ----------  --------------  -------------------
/opt/airflow/dags/tourisme_main_pipeline.py    227  0.01s             1           0  0.07s           2026-03-13T13:43:26
================================================================================
[2026-03-13T13:44:26.866+0000] {manager.py:879} INFO - 
================================================================================
DAG File Processing Stats

File Path                                      PID  Runtime      # DAGs    # Errors  Last Runtime    Last Run
-------------------------------------------  -----  ---------  --------  ----------  --------------  -------------------
/opt/airflow/dags/tourisme_main_pipeline.py    232  0.02s             1           0  0.08s           2026-03-13T13:43:56
================================================================================
[2026-03-13T13:44:57.358+0000] {manager.py:879} INFO - 
================================================================================
DAG File Processing Stats

File Path                                      PID  Runtime      # DAGs    # Errors  Last Runtime    Last Run
-------------------------------------------  -----  ---------  --------  ----------  --------------  -------------------
/opt/airflow/dags/tourisme_main_pipeline.py    237  0.02s             1           0  0.24s           2026-03-13T13:44:27
================================================================================
[2026-03-13T13:45:27.602+0000] {manager.py:879} INFO - 
================================================================================
DAG File Processing Stats

File Path                                      PID  Runtime      # DAGs    # Errors  Last Runtime    Last Run
-------------------------------------------  -----  ---------  --------  ----------  --------------  -------------------
/opt/airflow/dags/tourisme_main_pipeline.py    242  0.01s             1           0  0.10s           2026-03-13T13:44:57
================================================================================
[2026-03-13T13:45:57.891+0000] {manager.py:879} INFO - 
================================================================================
DAG File Processing Stats

File Path                                      PID  Runtime      # DAGs    # Errors  Last Runtime    Last Run
-------------------------------------------  -----  ---------  --------  ----------  --------------  -------------------
/opt/airflow/dags/tourisme_main_pipeline.py    247  0.02s             1           0  0.07s           2026-03-13T13:45:27
================================================================================
[2026-03-13T13:46:28.163+0000] {manager.py:879} INFO - 
================================================================================
DAG File Processing Stats

File Path                                      PID  Runtime      # DAGs    # Errors  Last Runtime    Last Run
-------------------------------------------  -----  ---------  --------  ----------  --------------  -------------------
/opt/airflow/dags/tourisme_main_pipeline.py    252  0.02s             1           0  0.11s           2026-03-13T13:45:57
================================================================================
[2026-03-13T13:46:58.385+0000] {manager.py:879} INFO - 
================================================================================
DAG File Processing Stats

File Path                                      PID  Runtime      # DAGs    # Errors  Last Runtime    Last Run
-------------------------------------------  -----  ---------  --------  ----------  --------------  -------------------
/opt/airflow/dags/tourisme_main_pipeline.py    257  0.01s             1           0  0.12s           2026-03-13T13:46:28
================================================================================
[2026-03-13T13:47:16.178+0000] {manager.py:451} INFO - Exiting gracefully upon receiving signal 15
[2026-03-13T13:47:38.909+0000] {manager.py:469} INFO - Processing files using up to 2 processes at a time 
[2026-03-13T13:47:38.910+0000] {manager.py:470} INFO - Process each file at most once every 30 seconds
[2026-03-13T13:47:38.910+0000] {manager.py:471} INFO - Checking for new files in /opt/airflow/dags every 300 seconds
[2026-03-13T13:47:38.911+0000] {manager.py:738} INFO - Searching for files in /opt/airflow/dags
[2026-03-13T13:47:38.915+0000] {manager.py:741} INFO - There are 1 files in /opt/airflow/dags
[2026-03-13T13:47:38.977+0000] {manager.py:879} INFO - 
================================================================================
DAG File Processing Stats

File Path                                      PID  Runtime      # DAGs    # Errors  Last Runtime    Last Run
-------------------------------------------  -----  ---------  --------  ----------  --------------  ----------
/opt/airflow/dags/tourisme_main_pipeline.py    168  0.02s             0           0
================================================================================
[2026-03-13T13:48:09.223+0000] {manager.py:879} INFO - 
================================================================================
DAG File Processing Stats

File Path                                      PID  Runtime      # DAGs    # Errors  Last Runtime    Last Run
-------------------------------------------  -----  ---------  --------  ----------  --------------  -------------------
/opt/airflow/dags/tourisme_main_pipeline.py    174  0.01s             1           0  0.08s           2026-03-13T13:47:39
================================================================================
[2026-03-13T13:48:39.377+0000] {manager.py:879} INFO - 
================================================================================
DAG File Processing Stats

File Path                                    PID    Runtime      # DAGs    # Errors  Last Runtime    Last Run
-------------------------------------------  -----  ---------  --------  ----------  --------------  -------------------
/opt/airflow/dags/tourisme_main_pipeline.py                           1           0  0.20s           2026-03-13T13:48:09
================================================================================
[2026-03-13T13:49:09.820+0000] {manager.py:879} INFO - 
================================================================================
DAG File Processing Stats

File Path                                      PID  Runtime      # DAGs    # Errors  Last Runtime    Last Run
-------------------------------------------  -----  ---------  --------  ----------  --------------  -------------------
/opt/airflow/dags/tourisme_main_pipeline.py    192  0.01s             1           0  0.13s           2026-03-13T13:48:39
================================================================================
[2026-03-13T13:49:40.073+0000] {manager.py:879} INFO - 
================================================================================
DAG File Processing Stats

File Path                                      PID  Runtime      # DAGs    # Errors  Last Runtime    Last Run
-------------------------------------------  -----  ---------  --------  ----------  --------------  -------------------
/opt/airflow/dags/tourisme_main_pipeline.py    199  0.01s             1           0  0.23s           2026-03-13T13:49:10
================================================================================
[2026-03-13T13:50:10.506+0000] {manager.py:879} INFO - 
================================================================================
DAG File Processing Stats

File Path                                      PID  Runtime      # DAGs    # Errors  Last Runtime    Last Run
-------------------------------------------  -----  ---------  --------  ----------  --------------  -------------------
/opt/airflow/dags/tourisme_main_pipeline.py    204  0.01s             1           0  0.14s           2026-03-13T13:49:40
================================================================================
[2026-03-13T13:50:40.843+0000] {manager.py:879} INFO - 
================================================================================
DAG File Processing Stats

File Path                                      PID  Runtime      # DAGs    # Errors  Last Runtime    Last Run
-------------------------------------------  -----  ---------  --------  ----------  --------------  -------------------
/opt/airflow/dags/tourisme_main_pipeline.py    209  0.04s             1           0  0.10s           2026-03-13T13:50:10
================================================================================
[2026-03-13T13:51:11.197+0000] {manager.py:879} INFO - 
================================================================================
DAG File Processing Stats

File Path                                      PID  Runtime      # DAGs    # Errors  Last Runtime    Last Run
-------------------------------------------  -----  ---------  --------  ----------  --------------  -------------------
/opt/airflow/dags/tourisme_main_pipeline.py    214  0.03s             1           0  0.15s           2026-03-13T13:50:40
================================================================================
[2026-03-13T13:51:41.558+0000] {manager.py:879} INFO - 
================================================================================
DAG File Processing Stats

File Path                                      PID  Runtime      # DAGs    # Errors  Last Runtime    Last Run
-------------------------------------------  -----  ---------  --------  ----------  --------------  -------------------
/opt/airflow/dags/tourisme_main_pipeline.py    219  0.03s             1           0  0.17s           2026-03-13T13:51:11
================================================================================
[2026-03-13T13:52:11.868+0000] {manager.py:879} INFO - 
================================================================================
DAG File Processing Stats

File Path                                      PID  Runtime      # DAGs    # Errors  Last Runtime    Last Run
-------------------------------------------  -----  ---------  --------  ----------  --------------  -------------------
/opt/airflow/dags/tourisme_main_pipeline.py    224  0.01s             1           0  0.11s           2026-03-13T13:51:41
================================================================================
[2026-03-13T13:52:39.127+0000] {manager.py:738} INFO - Searching for files in /opt/airflow/dags
[2026-03-13T13:52:39.134+0000] {manager.py:741} INFO - There are 1 files in /opt/airflow/dags
[2026-03-13T13:52:42.188+0000] {manager.py:879} INFO - 
================================================================================
DAG File Processing Stats

File Path                                      PID  Runtime      # DAGs    # Errors  Last Runtime    Last Run
-------------------------------------------  -----  ---------  --------  ----------  --------------  -------------------
/opt/airflow/dags/tourisme_main_pipeline.py    229  0.01s             1           0  0.08s           2026-03-13T13:52:11
================================================================================
[2026-03-13T13:53:12.517+0000] {manager.py:879} INFO - 
================================================================================
DAG File Processing Stats

File Path                                      PID  Runtime      # DAGs    # Errors  Last Runtime    Last Run
-------------------------------------------  -----  ---------  --------  ----------  --------------  -------------------
/opt/airflow/dags/tourisme_main_pipeline.py    234  0.02s             1           0  0.08s           2026-03-13T13:52:42
================================================================================
