[2026-03-13T13:30:38.709+0000] {processor.py:161} INFO - Started process (PID=169) to work on /opt/airflow/dags/tourisme_main_pipeline.py
[2026-03-13T13:30:38.709+0000] {processor.py:830} INFO - Processing file /opt/airflow/dags/tourisme_main_pipeline.py for tasks to queue
[2026-03-13T13:30:38.710+0000] {logging_mixin.py:188} INFO - [2026-03-13T13:30:38.709+0000] {dagbag.py:538} INFO - Filling up the DagBag from /opt/airflow/dags/tourisme_main_pipeline.py
[2026-03-13T13:30:38.726+0000] {processor.py:840} INFO - DAG(s) 'full_tourisme_pipeline' retrieved from /opt/airflow/dags/tourisme_main_pipeline.py
[2026-03-13T13:30:38.833+0000] {logging_mixin.py:188} INFO - [2026-03-13T13:30:38.832+0000] {override.py:1769} INFO - Created Permission View: can delete on DAG:full_tourisme_pipeline
[2026-03-13T13:30:38.836+0000] {logging_mixin.py:188} INFO - [2026-03-13T13:30:38.836+0000] {override.py:1769} INFO - Created Permission View: can read on DAG:full_tourisme_pipeline
[2026-03-13T13:30:38.838+0000] {logging_mixin.py:188} INFO - [2026-03-13T13:30:38.838+0000] {override.py:1769} INFO - Created Permission View: can edit on DAG:full_tourisme_pipeline
[2026-03-13T13:30:38.838+0000] {logging_mixin.py:188} INFO - [2026-03-13T13:30:38.838+0000] {dag.py:3036} INFO - Sync 1 DAGs
[2026-03-13T13:30:38.843+0000] {logging_mixin.py:188} INFO - [2026-03-13T13:30:38.843+0000] {dag.py:3058} INFO - Creating ORM DAG for full_tourisme_pipeline
[2026-03-13T13:30:38.848+0000] {logging_mixin.py:188} INFO - [2026-03-13T13:30:38.848+0000] {dag.py:3823} INFO - Setting next_dagrun for full_tourisme_pipeline to 2026-03-12 20:00:00+00:00, run_after=2026-03-13 08:00:00+00:00
[2026-03-13T13:30:38.859+0000] {processor.py:183} INFO - Processing /opt/airflow/dags/tourisme_main_pipeline.py took 0.153 seconds
[2026-03-13T13:31:08.992+0000] {processor.py:161} INFO - Started process (PID=174) to work on /opt/airflow/dags/tourisme_main_pipeline.py
[2026-03-13T13:31:08.992+0000] {processor.py:830} INFO - Processing file /opt/airflow/dags/tourisme_main_pipeline.py for tasks to queue
[2026-03-13T13:31:08.993+0000] {logging_mixin.py:188} INFO - [2026-03-13T13:31:08.993+0000] {dagbag.py:538} INFO - Filling up the DagBag from /opt/airflow/dags/tourisme_main_pipeline.py
[2026-03-13T13:31:09.004+0000] {processor.py:840} INFO - DAG(s) 'full_tourisme_pipeline' retrieved from /opt/airflow/dags/tourisme_main_pipeline.py
[2026-03-13T13:31:09.030+0000] {logging_mixin.py:188} INFO - [2026-03-13T13:31:09.030+0000] {dag.py:3036} INFO - Sync 1 DAGs
[2026-03-13T13:31:09.044+0000] {logging_mixin.py:188} INFO - [2026-03-13T13:31:09.044+0000] {dag.py:3823} INFO - Setting next_dagrun for full_tourisme_pipeline to 2026-03-12 20:00:00+00:00, run_after=2026-03-13 08:00:00+00:00
[2026-03-13T13:31:09.055+0000] {processor.py:183} INFO - Processing /opt/airflow/dags/tourisme_main_pipeline.py took 0.066 seconds
[2026-03-13T13:31:39.264+0000] {processor.py:161} INFO - Started process (PID=179) to work on /opt/airflow/dags/tourisme_main_pipeline.py
[2026-03-13T13:31:39.265+0000] {processor.py:830} INFO - Processing file /opt/airflow/dags/tourisme_main_pipeline.py for tasks to queue
[2026-03-13T13:31:39.266+0000] {logging_mixin.py:188} INFO - [2026-03-13T13:31:39.266+0000] {dagbag.py:538} INFO - Filling up the DagBag from /opt/airflow/dags/tourisme_main_pipeline.py
[2026-03-13T13:31:39.280+0000] {processor.py:840} INFO - DAG(s) 'full_tourisme_pipeline' retrieved from /opt/airflow/dags/tourisme_main_pipeline.py
[2026-03-13T13:31:39.299+0000] {logging_mixin.py:188} INFO - [2026-03-13T13:31:39.299+0000] {dag.py:3036} INFO - Sync 1 DAGs
[2026-03-13T13:31:39.311+0000] {logging_mixin.py:188} INFO - [2026-03-13T13:31:39.311+0000] {dag.py:3823} INFO - Setting next_dagrun for full_tourisme_pipeline to 2026-03-12 20:00:00+00:00, run_after=2026-03-13 08:00:00+00:00
[2026-03-13T13:31:39.318+0000] {processor.py:183} INFO - Processing /opt/airflow/dags/tourisme_main_pipeline.py took 0.058 seconds
[2026-03-13T13:32:09.555+0000] {processor.py:161} INFO - Started process (PID=186) to work on /opt/airflow/dags/tourisme_main_pipeline.py
[2026-03-13T13:32:09.557+0000] {processor.py:830} INFO - Processing file /opt/airflow/dags/tourisme_main_pipeline.py for tasks to queue
[2026-03-13T13:32:09.558+0000] {logging_mixin.py:188} INFO - [2026-03-13T13:32:09.558+0000] {dagbag.py:538} INFO - Filling up the DagBag from /opt/airflow/dags/tourisme_main_pipeline.py
[2026-03-13T13:32:09.572+0000] {processor.py:840} INFO - DAG(s) 'full_tourisme_pipeline' retrieved from /opt/airflow/dags/tourisme_main_pipeline.py
[2026-03-13T13:32:09.592+0000] {logging_mixin.py:188} INFO - [2026-03-13T13:32:09.592+0000] {dag.py:3036} INFO - Sync 1 DAGs
[2026-03-13T13:32:09.604+0000] {logging_mixin.py:188} INFO - [2026-03-13T13:32:09.603+0000] {dag.py:3823} INFO - Setting next_dagrun for full_tourisme_pipeline to 2026-03-13 08:00:00+00:00, run_after=2026-03-13 20:00:00+00:00
[2026-03-13T13:32:09.611+0000] {processor.py:183} INFO - Processing /opt/airflow/dags/tourisme_main_pipeline.py took 0.062 seconds
[2026-03-13T13:32:39.826+0000] {processor.py:161} INFO - Started process (PID=191) to work on /opt/airflow/dags/tourisme_main_pipeline.py
[2026-03-13T13:32:39.827+0000] {processor.py:830} INFO - Processing file /opt/airflow/dags/tourisme_main_pipeline.py for tasks to queue
[2026-03-13T13:32:39.828+0000] {logging_mixin.py:188} INFO - [2026-03-13T13:32:39.828+0000] {dagbag.py:538} INFO - Filling up the DagBag from /opt/airflow/dags/tourisme_main_pipeline.py
[2026-03-13T13:32:39.839+0000] {processor.py:840} INFO - DAG(s) 'full_tourisme_pipeline' retrieved from /opt/airflow/dags/tourisme_main_pipeline.py
[2026-03-13T13:32:39.861+0000] {logging_mixin.py:188} INFO - [2026-03-13T13:32:39.860+0000] {dag.py:3036} INFO - Sync 1 DAGs
[2026-03-13T13:32:39.871+0000] {logging_mixin.py:188} INFO - [2026-03-13T13:32:39.871+0000] {dag.py:3823} INFO - Setting next_dagrun for full_tourisme_pipeline to 2026-03-13 08:00:00+00:00, run_after=2026-03-13 20:00:00+00:00
[2026-03-13T13:32:39.878+0000] {processor.py:183} INFO - Processing /opt/airflow/dags/tourisme_main_pipeline.py took 0.054 seconds
[2026-03-13T13:33:10.139+0000] {processor.py:161} INFO - Started process (PID=196) to work on /opt/airflow/dags/tourisme_main_pipeline.py
[2026-03-13T13:33:10.140+0000] {processor.py:830} INFO - Processing file /opt/airflow/dags/tourisme_main_pipeline.py for tasks to queue
[2026-03-13T13:33:10.147+0000] {logging_mixin.py:188} INFO - [2026-03-13T13:33:10.147+0000] {dagbag.py:538} INFO - Filling up the DagBag from /opt/airflow/dags/tourisme_main_pipeline.py
[2026-03-13T13:33:10.166+0000] {processor.py:840} INFO - DAG(s) 'full_tourisme_pipeline' retrieved from /opt/airflow/dags/tourisme_main_pipeline.py
[2026-03-13T13:33:10.227+0000] {logging_mixin.py:188} INFO - [2026-03-13T13:33:10.227+0000] {dag.py:3036} INFO - Sync 1 DAGs
[2026-03-13T13:33:10.257+0000] {logging_mixin.py:188} INFO - [2026-03-13T13:33:10.256+0000] {dag.py:3823} INFO - Setting next_dagrun for full_tourisme_pipeline to 2026-03-13 08:00:00+00:00, run_after=2026-03-13 20:00:00+00:00
[2026-03-13T13:33:10.282+0000] {processor.py:183} INFO - Processing /opt/airflow/dags/tourisme_main_pipeline.py took 0.148 seconds
[2026-03-13T13:33:40.423+0000] {processor.py:161} INFO - Started process (PID=201) to work on /opt/airflow/dags/tourisme_main_pipeline.py
[2026-03-13T13:33:40.425+0000] {processor.py:830} INFO - Processing file /opt/airflow/dags/tourisme_main_pipeline.py for tasks to queue
[2026-03-13T13:33:40.427+0000] {logging_mixin.py:188} INFO - [2026-03-13T13:33:40.426+0000] {dagbag.py:538} INFO - Filling up the DagBag from /opt/airflow/dags/tourisme_main_pipeline.py
[2026-03-13T13:33:40.450+0000] {processor.py:840} INFO - DAG(s) 'full_tourisme_pipeline' retrieved from /opt/airflow/dags/tourisme_main_pipeline.py
[2026-03-13T13:33:40.479+0000] {logging_mixin.py:188} INFO - [2026-03-13T13:33:40.479+0000] {dag.py:3036} INFO - Sync 1 DAGs
[2026-03-13T13:33:40.492+0000] {logging_mixin.py:188} INFO - [2026-03-13T13:33:40.492+0000] {dag.py:3823} INFO - Setting next_dagrun for full_tourisme_pipeline to 2026-03-13 08:00:00+00:00, run_after=2026-03-13 20:00:00+00:00
[2026-03-13T13:33:40.500+0000] {processor.py:183} INFO - Processing /opt/airflow/dags/tourisme_main_pipeline.py took 0.083 seconds
[2026-03-13T13:34:10.712+0000] {processor.py:161} INFO - Started process (PID=206) to work on /opt/airflow/dags/tourisme_main_pipeline.py
[2026-03-13T13:34:10.716+0000] {processor.py:830} INFO - Processing file /opt/airflow/dags/tourisme_main_pipeline.py for tasks to queue
[2026-03-13T13:34:10.717+0000] {logging_mixin.py:188} INFO - [2026-03-13T13:34:10.717+0000] {dagbag.py:538} INFO - Filling up the DagBag from /opt/airflow/dags/tourisme_main_pipeline.py
[2026-03-13T13:34:10.733+0000] {processor.py:840} INFO - DAG(s) 'full_tourisme_pipeline' retrieved from /opt/airflow/dags/tourisme_main_pipeline.py
[2026-03-13T13:34:10.754+0000] {logging_mixin.py:188} INFO - [2026-03-13T13:34:10.754+0000] {dag.py:3036} INFO - Sync 1 DAGs
[2026-03-13T13:34:10.765+0000] {logging_mixin.py:188} INFO - [2026-03-13T13:34:10.765+0000] {dag.py:3823} INFO - Setting next_dagrun for full_tourisme_pipeline to 2026-03-13 08:00:00+00:00, run_after=2026-03-13 20:00:00+00:00
[2026-03-13T13:34:10.774+0000] {processor.py:183} INFO - Processing /opt/airflow/dags/tourisme_main_pipeline.py took 0.068 seconds
[2026-03-13T13:34:41.048+0000] {processor.py:161} INFO - Started process (PID=211) to work on /opt/airflow/dags/tourisme_main_pipeline.py
[2026-03-13T13:34:41.050+0000] {processor.py:830} INFO - Processing file /opt/airflow/dags/tourisme_main_pipeline.py for tasks to queue
[2026-03-13T13:34:41.051+0000] {logging_mixin.py:188} INFO - [2026-03-13T13:34:41.050+0000] {dagbag.py:538} INFO - Filling up the DagBag from /opt/airflow/dags/tourisme_main_pipeline.py
[2026-03-13T13:34:41.064+0000] {processor.py:840} INFO - DAG(s) 'full_tourisme_pipeline' retrieved from /opt/airflow/dags/tourisme_main_pipeline.py
[2026-03-13T13:34:41.084+0000] {logging_mixin.py:188} INFO - [2026-03-13T13:34:41.084+0000] {dag.py:3036} INFO - Sync 1 DAGs
[2026-03-13T13:34:41.096+0000] {logging_mixin.py:188} INFO - [2026-03-13T13:34:41.096+0000] {dag.py:3823} INFO - Setting next_dagrun for full_tourisme_pipeline to 2026-03-13 08:00:00+00:00, run_after=2026-03-13 20:00:00+00:00
[2026-03-13T13:34:41.103+0000] {processor.py:183} INFO - Processing /opt/airflow/dags/tourisme_main_pipeline.py took 0.059 seconds
[2026-03-13T13:35:11.313+0000] {processor.py:161} INFO - Started process (PID=216) to work on /opt/airflow/dags/tourisme_main_pipeline.py
[2026-03-13T13:35:11.315+0000] {processor.py:830} INFO - Processing file /opt/airflow/dags/tourisme_main_pipeline.py for tasks to queue
[2026-03-13T13:35:11.316+0000] {logging_mixin.py:188} INFO - [2026-03-13T13:35:11.315+0000] {dagbag.py:538} INFO - Filling up the DagBag from /opt/airflow/dags/tourisme_main_pipeline.py
[2026-03-13T13:35:11.333+0000] {processor.py:840} INFO - DAG(s) 'full_tourisme_pipeline' retrieved from /opt/airflow/dags/tourisme_main_pipeline.py
[2026-03-13T13:35:11.354+0000] {logging_mixin.py:188} INFO - [2026-03-13T13:35:11.354+0000] {dag.py:3036} INFO - Sync 1 DAGs
[2026-03-13T13:35:11.367+0000] {logging_mixin.py:188} INFO - [2026-03-13T13:35:11.367+0000] {dag.py:3823} INFO - Setting next_dagrun for full_tourisme_pipeline to 2026-03-13 08:00:00+00:00, run_after=2026-03-13 20:00:00+00:00
[2026-03-13T13:35:11.375+0000] {processor.py:183} INFO - Processing /opt/airflow/dags/tourisme_main_pipeline.py took 0.067 seconds
[2026-03-13T13:35:41.570+0000] {processor.py:161} INFO - Started process (PID=223) to work on /opt/airflow/dags/tourisme_main_pipeline.py
[2026-03-13T13:35:41.573+0000] {processor.py:830} INFO - Processing file /opt/airflow/dags/tourisme_main_pipeline.py for tasks to queue
[2026-03-13T13:35:41.573+0000] {logging_mixin.py:188} INFO - [2026-03-13T13:35:41.573+0000] {dagbag.py:538} INFO - Filling up the DagBag from /opt/airflow/dags/tourisme_main_pipeline.py
[2026-03-13T13:35:41.585+0000] {processor.py:840} INFO - DAG(s) 'full_tourisme_pipeline' retrieved from /opt/airflow/dags/tourisme_main_pipeline.py
[2026-03-13T13:35:41.605+0000] {logging_mixin.py:188} INFO - [2026-03-13T13:35:41.605+0000] {dag.py:3036} INFO - Sync 1 DAGs
[2026-03-13T13:35:41.616+0000] {logging_mixin.py:188} INFO - [2026-03-13T13:35:41.616+0000] {dag.py:3823} INFO - Setting next_dagrun for full_tourisme_pipeline to 2026-03-12 20:00:00+00:00, run_after=2026-03-13 08:00:00+00:00
[2026-03-13T13:35:41.623+0000] {processor.py:183} INFO - Processing /opt/airflow/dags/tourisme_main_pipeline.py took 0.056 seconds
[2026-03-13T13:36:11.871+0000] {processor.py:161} INFO - Started process (PID=230) to work on /opt/airflow/dags/tourisme_main_pipeline.py
[2026-03-13T13:36:11.873+0000] {processor.py:830} INFO - Processing file /opt/airflow/dags/tourisme_main_pipeline.py for tasks to queue
[2026-03-13T13:36:11.874+0000] {logging_mixin.py:188} INFO - [2026-03-13T13:36:11.873+0000] {dagbag.py:538} INFO - Filling up the DagBag from /opt/airflow/dags/tourisme_main_pipeline.py
[2026-03-13T13:36:11.889+0000] {processor.py:840} INFO - DAG(s) 'full_tourisme_pipeline' retrieved from /opt/airflow/dags/tourisme_main_pipeline.py
[2026-03-13T13:36:11.910+0000] {logging_mixin.py:188} INFO - [2026-03-13T13:36:11.910+0000] {dag.py:3036} INFO - Sync 1 DAGs
[2026-03-13T13:36:11.924+0000] {logging_mixin.py:188} INFO - [2026-03-13T13:36:11.924+0000] {dag.py:3823} INFO - Setting next_dagrun for full_tourisme_pipeline to 2026-03-13 08:00:00+00:00, run_after=2026-03-13 20:00:00+00:00
[2026-03-13T13:36:11.933+0000] {processor.py:183} INFO - Processing /opt/airflow/dags/tourisme_main_pipeline.py took 0.067 seconds
[2026-03-13T13:36:42.133+0000] {processor.py:161} INFO - Started process (PID=235) to work on /opt/airflow/dags/tourisme_main_pipeline.py
[2026-03-13T13:36:42.135+0000] {processor.py:830} INFO - Processing file /opt/airflow/dags/tourisme_main_pipeline.py for tasks to queue
[2026-03-13T13:36:42.136+0000] {logging_mixin.py:188} INFO - [2026-03-13T13:36:42.136+0000] {dagbag.py:538} INFO - Filling up the DagBag from /opt/airflow/dags/tourisme_main_pipeline.py
[2026-03-13T13:36:42.153+0000] {processor.py:840} INFO - DAG(s) 'full_tourisme_pipeline' retrieved from /opt/airflow/dags/tourisme_main_pipeline.py
[2026-03-13T13:36:42.176+0000] {logging_mixin.py:188} INFO - [2026-03-13T13:36:42.176+0000] {dag.py:3036} INFO - Sync 1 DAGs
[2026-03-13T13:36:42.188+0000] {logging_mixin.py:188} INFO - [2026-03-13T13:36:42.188+0000] {dag.py:3823} INFO - Setting next_dagrun for full_tourisme_pipeline to 2026-03-13 08:00:00+00:00, run_after=2026-03-13 20:00:00+00:00
[2026-03-13T13:36:42.196+0000] {processor.py:183} INFO - Processing /opt/airflow/dags/tourisme_main_pipeline.py took 0.068 seconds
[2026-03-13T13:37:12.416+0000] {processor.py:161} INFO - Started process (PID=240) to work on /opt/airflow/dags/tourisme_main_pipeline.py
[2026-03-13T13:37:12.420+0000] {processor.py:830} INFO - Processing file /opt/airflow/dags/tourisme_main_pipeline.py for tasks to queue
[2026-03-13T13:37:12.421+0000] {logging_mixin.py:188} INFO - [2026-03-13T13:37:12.421+0000] {dagbag.py:538} INFO - Filling up the DagBag from /opt/airflow/dags/tourisme_main_pipeline.py
[2026-03-13T13:37:12.434+0000] {processor.py:840} INFO - DAG(s) 'full_tourisme_pipeline' retrieved from /opt/airflow/dags/tourisme_main_pipeline.py
[2026-03-13T13:37:12.455+0000] {logging_mixin.py:188} INFO - [2026-03-13T13:37:12.455+0000] {dag.py:3036} INFO - Sync 1 DAGs
[2026-03-13T13:37:12.466+0000] {logging_mixin.py:188} INFO - [2026-03-13T13:37:12.466+0000] {dag.py:3823} INFO - Setting next_dagrun for full_tourisme_pipeline to 2026-03-13 08:00:00+00:00, run_after=2026-03-13 20:00:00+00:00
[2026-03-13T13:37:12.474+0000] {processor.py:183} INFO - Processing /opt/airflow/dags/tourisme_main_pipeline.py took 0.062 seconds
[2026-03-13T13:37:42.726+0000] {processor.py:161} INFO - Started process (PID=245) to work on /opt/airflow/dags/tourisme_main_pipeline.py
[2026-03-13T13:37:42.729+0000] {processor.py:830} INFO - Processing file /opt/airflow/dags/tourisme_main_pipeline.py for tasks to queue
[2026-03-13T13:37:42.730+0000] {logging_mixin.py:188} INFO - [2026-03-13T13:37:42.730+0000] {dagbag.py:538} INFO - Filling up the DagBag from /opt/airflow/dags/tourisme_main_pipeline.py
[2026-03-13T13:37:42.746+0000] {processor.py:840} INFO - DAG(s) 'full_tourisme_pipeline' retrieved from /opt/airflow/dags/tourisme_main_pipeline.py
[2026-03-13T13:37:42.767+0000] {logging_mixin.py:188} INFO - [2026-03-13T13:37:42.766+0000] {dag.py:3036} INFO - Sync 1 DAGs
[2026-03-13T13:37:42.779+0000] {logging_mixin.py:188} INFO - [2026-03-13T13:37:42.779+0000] {dag.py:3823} INFO - Setting next_dagrun for full_tourisme_pipeline to 2026-03-13 08:00:00+00:00, run_after=2026-03-13 20:00:00+00:00
[2026-03-13T13:37:42.786+0000] {processor.py:183} INFO - Processing /opt/airflow/dags/tourisme_main_pipeline.py took 0.064 seconds
[2026-03-13T13:38:23.217+0000] {processor.py:161} INFO - Started process (PID=170) to work on /opt/airflow/dags/tourisme_main_pipeline.py
[2026-03-13T13:38:23.220+0000] {processor.py:830} INFO - Processing file /opt/airflow/dags/tourisme_main_pipeline.py for tasks to queue
[2026-03-13T13:38:23.220+0000] {logging_mixin.py:188} INFO - [2026-03-13T13:38:23.220+0000] {dagbag.py:538} INFO - Filling up the DagBag from /opt/airflow/dags/tourisme_main_pipeline.py
[2026-03-13T13:38:23.252+0000] {processor.py:840} INFO - DAG(s) 'full_tourisme_pipeline' retrieved from /opt/airflow/dags/tourisme_main_pipeline.py
[2026-03-13T13:38:23.286+0000] {logging_mixin.py:188} INFO - [2026-03-13T13:38:23.286+0000] {dag.py:3036} INFO - Sync 1 DAGs
[2026-03-13T13:38:23.298+0000] {logging_mixin.py:188} INFO - [2026-03-13T13:38:23.298+0000] {dag.py:3823} INFO - Setting next_dagrun for full_tourisme_pipeline to 2026-03-13 08:00:00+00:00, run_after=2026-03-13 20:00:00+00:00
[2026-03-13T13:38:23.311+0000] {processor.py:183} INFO - Processing /opt/airflow/dags/tourisme_main_pipeline.py took 0.096 seconds
[2026-03-13T13:38:53.411+0000] {processor.py:161} INFO - Started process (PID=177) to work on /opt/airflow/dags/tourisme_main_pipeline.py
[2026-03-13T13:38:53.412+0000] {processor.py:830} INFO - Processing file /opt/airflow/dags/tourisme_main_pipeline.py for tasks to queue
[2026-03-13T13:38:53.412+0000] {logging_mixin.py:188} INFO - [2026-03-13T13:38:53.412+0000] {dagbag.py:538} INFO - Filling up the DagBag from /opt/airflow/dags/tourisme_main_pipeline.py
[2026-03-13T13:38:53.420+0000] {processor.py:840} INFO - DAG(s) 'full_tourisme_pipeline' retrieved from /opt/airflow/dags/tourisme_main_pipeline.py
[2026-03-13T13:38:53.511+0000] {logging_mixin.py:188} INFO - [2026-03-13T13:38:53.511+0000] {dag.py:3036} INFO - Sync 1 DAGs
[2026-03-13T13:38:53.519+0000] {logging_mixin.py:188} INFO - [2026-03-13T13:38:53.519+0000] {dag.py:3823} INFO - Setting next_dagrun for full_tourisme_pipeline to 2026-03-13 08:00:00+00:00, run_after=2026-03-13 20:00:00+00:00
[2026-03-13T13:38:53.526+0000] {processor.py:183} INFO - Processing /opt/airflow/dags/tourisme_main_pipeline.py took 0.117 seconds
[2026-03-13T13:39:23.665+0000] {processor.py:161} INFO - Started process (PID=182) to work on /opt/airflow/dags/tourisme_main_pipeline.py
[2026-03-13T13:39:23.666+0000] {processor.py:830} INFO - Processing file /opt/airflow/dags/tourisme_main_pipeline.py for tasks to queue
[2026-03-13T13:39:23.667+0000] {logging_mixin.py:188} INFO - [2026-03-13T13:39:23.667+0000] {dagbag.py:538} INFO - Filling up the DagBag from /opt/airflow/dags/tourisme_main_pipeline.py
[2026-03-13T13:39:23.678+0000] {processor.py:840} INFO - DAG(s) 'full_tourisme_pipeline' retrieved from /opt/airflow/dags/tourisme_main_pipeline.py
[2026-03-13T13:39:23.701+0000] {logging_mixin.py:188} INFO - [2026-03-13T13:39:23.701+0000] {dag.py:3036} INFO - Sync 1 DAGs
[2026-03-13T13:39:23.712+0000] {logging_mixin.py:188} INFO - [2026-03-13T13:39:23.712+0000] {dag.py:3823} INFO - Setting next_dagrun for full_tourisme_pipeline to 2026-03-13 08:00:00+00:00, run_after=2026-03-13 20:00:00+00:00
[2026-03-13T13:39:23.719+0000] {processor.py:183} INFO - Processing /opt/airflow/dags/tourisme_main_pipeline.py took 0.057 seconds
[2026-03-13T13:39:53.979+0000] {processor.py:161} INFO - Started process (PID=187) to work on /opt/airflow/dags/tourisme_main_pipeline.py
[2026-03-13T13:39:53.980+0000] {processor.py:830} INFO - Processing file /opt/airflow/dags/tourisme_main_pipeline.py for tasks to queue
[2026-03-13T13:39:53.981+0000] {logging_mixin.py:188} INFO - [2026-03-13T13:39:53.981+0000] {dagbag.py:538} INFO - Filling up the DagBag from /opt/airflow/dags/tourisme_main_pipeline.py
[2026-03-13T13:39:53.993+0000] {processor.py:840} INFO - DAG(s) 'full_tourisme_pipeline' retrieved from /opt/airflow/dags/tourisme_main_pipeline.py
[2026-03-13T13:39:54.012+0000] {logging_mixin.py:188} INFO - [2026-03-13T13:39:54.012+0000] {dag.py:3036} INFO - Sync 1 DAGs
[2026-03-13T13:39:54.023+0000] {logging_mixin.py:188} INFO - [2026-03-13T13:39:54.023+0000] {dag.py:3823} INFO - Setting next_dagrun for full_tourisme_pipeline to 2026-03-13 08:00:00+00:00, run_after=2026-03-13 20:00:00+00:00
[2026-03-13T13:39:54.030+0000] {processor.py:183} INFO - Processing /opt/airflow/dags/tourisme_main_pipeline.py took 0.055 seconds
[2026-03-13T13:40:24.305+0000] {processor.py:161} INFO - Started process (PID=192) to work on /opt/airflow/dags/tourisme_main_pipeline.py
[2026-03-13T13:40:24.306+0000] {processor.py:830} INFO - Processing file /opt/airflow/dags/tourisme_main_pipeline.py for tasks to queue
[2026-03-13T13:40:24.307+0000] {logging_mixin.py:188} INFO - [2026-03-13T13:40:24.307+0000] {dagbag.py:538} INFO - Filling up the DagBag from /opt/airflow/dags/tourisme_main_pipeline.py
[2026-03-13T13:40:24.323+0000] {processor.py:840} INFO - DAG(s) 'full_tourisme_pipeline' retrieved from /opt/airflow/dags/tourisme_main_pipeline.py
[2026-03-13T13:40:24.343+0000] {logging_mixin.py:188} INFO - [2026-03-13T13:40:24.343+0000] {dag.py:3036} INFO - Sync 1 DAGs
[2026-03-13T13:40:24.358+0000] {logging_mixin.py:188} INFO - [2026-03-13T13:40:24.358+0000] {dag.py:3823} INFO - Setting next_dagrun for full_tourisme_pipeline to 2026-03-13 08:00:00+00:00, run_after=2026-03-13 20:00:00+00:00
[2026-03-13T13:40:24.367+0000] {processor.py:183} INFO - Processing /opt/airflow/dags/tourisme_main_pipeline.py took 0.066 seconds
[2026-03-13T13:40:54.636+0000] {processor.py:161} INFO - Started process (PID=197) to work on /opt/airflow/dags/tourisme_main_pipeline.py
[2026-03-13T13:40:54.637+0000] {processor.py:830} INFO - Processing file /opt/airflow/dags/tourisme_main_pipeline.py for tasks to queue
[2026-03-13T13:40:54.639+0000] {logging_mixin.py:188} INFO - [2026-03-13T13:40:54.638+0000] {dagbag.py:538} INFO - Filling up the DagBag from /opt/airflow/dags/tourisme_main_pipeline.py
[2026-03-13T13:40:54.661+0000] {processor.py:840} INFO - DAG(s) 'full_tourisme_pipeline' retrieved from /opt/airflow/dags/tourisme_main_pipeline.py
[2026-03-13T13:40:54.681+0000] {logging_mixin.py:188} INFO - [2026-03-13T13:40:54.681+0000] {dag.py:3036} INFO - Sync 1 DAGs
[2026-03-13T13:40:54.694+0000] {logging_mixin.py:188} INFO - [2026-03-13T13:40:54.694+0000] {dag.py:3823} INFO - Setting next_dagrun for full_tourisme_pipeline to 2026-03-13 08:00:00+00:00, run_after=2026-03-13 20:00:00+00:00
[2026-03-13T13:40:54.701+0000] {processor.py:183} INFO - Processing /opt/airflow/dags/tourisme_main_pipeline.py took 0.071 seconds
[2026-03-13T13:41:24.927+0000] {processor.py:161} INFO - Started process (PID=202) to work on /opt/airflow/dags/tourisme_main_pipeline.py
[2026-03-13T13:41:24.928+0000] {processor.py:830} INFO - Processing file /opt/airflow/dags/tourisme_main_pipeline.py for tasks to queue
[2026-03-13T13:41:24.928+0000] {logging_mixin.py:188} INFO - [2026-03-13T13:41:24.928+0000] {dagbag.py:538} INFO - Filling up the DagBag from /opt/airflow/dags/tourisme_main_pipeline.py
[2026-03-13T13:41:24.938+0000] {processor.py:840} INFO - DAG(s) 'full_tourisme_pipeline' retrieved from /opt/airflow/dags/tourisme_main_pipeline.py
[2026-03-13T13:41:24.957+0000] {logging_mixin.py:188} INFO - [2026-03-13T13:41:24.957+0000] {dag.py:3036} INFO - Sync 1 DAGs
[2026-03-13T13:41:24.968+0000] {logging_mixin.py:188} INFO - [2026-03-13T13:41:24.968+0000] {dag.py:3823} INFO - Setting next_dagrun for full_tourisme_pipeline to 2026-03-13 08:00:00+00:00, run_after=2026-03-13 20:00:00+00:00
[2026-03-13T13:41:24.975+0000] {processor.py:183} INFO - Processing /opt/airflow/dags/tourisme_main_pipeline.py took 0.051 seconds
[2026-03-13T13:41:55.235+0000] {processor.py:161} INFO - Started process (PID=207) to work on /opt/airflow/dags/tourisme_main_pipeline.py
[2026-03-13T13:41:55.238+0000] {processor.py:830} INFO - Processing file /opt/airflow/dags/tourisme_main_pipeline.py for tasks to queue
[2026-03-13T13:41:55.239+0000] {logging_mixin.py:188} INFO - [2026-03-13T13:41:55.238+0000] {dagbag.py:538} INFO - Filling up the DagBag from /opt/airflow/dags/tourisme_main_pipeline.py
[2026-03-13T13:41:55.257+0000] {processor.py:840} INFO - DAG(s) 'full_tourisme_pipeline' retrieved from /opt/airflow/dags/tourisme_main_pipeline.py
[2026-03-13T13:41:55.286+0000] {logging_mixin.py:188} INFO - [2026-03-13T13:41:55.286+0000] {dag.py:3036} INFO - Sync 1 DAGs
[2026-03-13T13:41:55.302+0000] {logging_mixin.py:188} INFO - [2026-03-13T13:41:55.302+0000] {dag.py:3823} INFO - Setting next_dagrun for full_tourisme_pipeline to 2026-03-13 08:00:00+00:00, run_after=2026-03-13 20:00:00+00:00
[2026-03-13T13:41:55.313+0000] {processor.py:183} INFO - Processing /opt/airflow/dags/tourisme_main_pipeline.py took 0.082 seconds
[2026-03-13T13:42:25.509+0000] {processor.py:161} INFO - Started process (PID=212) to work on /opt/airflow/dags/tourisme_main_pipeline.py
[2026-03-13T13:42:25.510+0000] {processor.py:830} INFO - Processing file /opt/airflow/dags/tourisme_main_pipeline.py for tasks to queue
[2026-03-13T13:42:25.511+0000] {logging_mixin.py:188} INFO - [2026-03-13T13:42:25.510+0000] {dagbag.py:538} INFO - Filling up the DagBag from /opt/airflow/dags/tourisme_main_pipeline.py
[2026-03-13T13:42:25.525+0000] {processor.py:840} INFO - DAG(s) 'full_tourisme_pipeline' retrieved from /opt/airflow/dags/tourisme_main_pipeline.py
[2026-03-13T13:42:25.549+0000] {logging_mixin.py:188} INFO - [2026-03-13T13:42:25.549+0000] {dag.py:3036} INFO - Sync 1 DAGs
[2026-03-13T13:42:25.562+0000] {logging_mixin.py:188} INFO - [2026-03-13T13:42:25.562+0000] {dag.py:3823} INFO - Setting next_dagrun for full_tourisme_pipeline to 2026-03-13 08:00:00+00:00, run_after=2026-03-13 20:00:00+00:00
[2026-03-13T13:42:25.571+0000] {processor.py:183} INFO - Processing /opt/airflow/dags/tourisme_main_pipeline.py took 0.068 seconds
[2026-03-13T13:42:55.880+0000] {processor.py:161} INFO - Started process (PID=217) to work on /opt/airflow/dags/tourisme_main_pipeline.py
[2026-03-13T13:42:55.881+0000] {processor.py:830} INFO - Processing file /opt/airflow/dags/tourisme_main_pipeline.py for tasks to queue
[2026-03-13T13:42:55.883+0000] {logging_mixin.py:188} INFO - [2026-03-13T13:42:55.882+0000] {dagbag.py:538} INFO - Filling up the DagBag from /opt/airflow/dags/tourisme_main_pipeline.py
[2026-03-13T13:42:55.902+0000] {processor.py:840} INFO - DAG(s) 'full_tourisme_pipeline' retrieved from /opt/airflow/dags/tourisme_main_pipeline.py
[2026-03-13T13:42:55.926+0000] {logging_mixin.py:188} INFO - [2026-03-13T13:42:55.926+0000] {dag.py:3036} INFO - Sync 1 DAGs
[2026-03-13T13:42:55.942+0000] {logging_mixin.py:188} INFO - [2026-03-13T13:42:55.942+0000] {dag.py:3823} INFO - Setting next_dagrun for full_tourisme_pipeline to 2026-03-13 08:00:00+00:00, run_after=2026-03-13 20:00:00+00:00
[2026-03-13T13:42:55.951+0000] {processor.py:183} INFO - Processing /opt/airflow/dags/tourisme_main_pipeline.py took 0.079 seconds
[2026-03-13T13:43:26.168+0000] {processor.py:161} INFO - Started process (PID=222) to work on /opt/airflow/dags/tourisme_main_pipeline.py
[2026-03-13T13:43:26.169+0000] {processor.py:830} INFO - Processing file /opt/airflow/dags/tourisme_main_pipeline.py for tasks to queue
[2026-03-13T13:43:26.170+0000] {logging_mixin.py:188} INFO - [2026-03-13T13:43:26.170+0000] {dagbag.py:538} INFO - Filling up the DagBag from /opt/airflow/dags/tourisme_main_pipeline.py
[2026-03-13T13:43:26.182+0000] {processor.py:840} INFO - DAG(s) 'full_tourisme_pipeline' retrieved from /opt/airflow/dags/tourisme_main_pipeline.py
[2026-03-13T13:43:26.201+0000] {logging_mixin.py:188} INFO - [2026-03-13T13:43:26.201+0000] {dag.py:3036} INFO - Sync 1 DAGs
[2026-03-13T13:43:26.214+0000] {logging_mixin.py:188} INFO - [2026-03-13T13:43:26.214+0000] {dag.py:3823} INFO - Setting next_dagrun for full_tourisme_pipeline to 2026-03-13 08:00:00+00:00, run_after=2026-03-13 20:00:00+00:00
[2026-03-13T13:43:26.222+0000] {processor.py:183} INFO - Processing /opt/airflow/dags/tourisme_main_pipeline.py took 0.057 seconds
[2026-03-13T13:43:56.459+0000] {processor.py:161} INFO - Started process (PID=227) to work on /opt/airflow/dags/tourisme_main_pipeline.py
[2026-03-13T13:43:56.461+0000] {processor.py:830} INFO - Processing file /opt/airflow/dags/tourisme_main_pipeline.py for tasks to queue
[2026-03-13T13:43:56.462+0000] {logging_mixin.py:188} INFO - [2026-03-13T13:43:56.462+0000] {dagbag.py:538} INFO - Filling up the DagBag from /opt/airflow/dags/tourisme_main_pipeline.py
[2026-03-13T13:43:56.473+0000] {processor.py:840} INFO - DAG(s) 'full_tourisme_pipeline' retrieved from /opt/airflow/dags/tourisme_main_pipeline.py
[2026-03-13T13:43:56.494+0000] {logging_mixin.py:188} INFO - [2026-03-13T13:43:56.494+0000] {dag.py:3036} INFO - Sync 1 DAGs
[2026-03-13T13:43:56.507+0000] {logging_mixin.py:188} INFO - [2026-03-13T13:43:56.507+0000] {dag.py:3823} INFO - Setting next_dagrun for full_tourisme_pipeline to 2026-03-13 08:00:00+00:00, run_after=2026-03-13 20:00:00+00:00
[2026-03-13T13:43:56.515+0000] {processor.py:183} INFO - Processing /opt/airflow/dags/tourisme_main_pipeline.py took 0.060 seconds
[2026-03-13T13:44:26.886+0000] {processor.py:161} INFO - Started process (PID=232) to work on /opt/airflow/dags/tourisme_main_pipeline.py
[2026-03-13T13:44:26.889+0000] {processor.py:830} INFO - Processing file /opt/airflow/dags/tourisme_main_pipeline.py for tasks to queue
[2026-03-13T13:44:26.898+0000] {logging_mixin.py:188} INFO - [2026-03-13T13:44:26.893+0000] {dagbag.py:538} INFO - Filling up the DagBag from /opt/airflow/dags/tourisme_main_pipeline.py
[2026-03-13T13:44:26.936+0000] {processor.py:840} INFO - DAG(s) 'full_tourisme_pipeline' retrieved from /opt/airflow/dags/tourisme_main_pipeline.py
[2026-03-13T13:44:26.996+0000] {logging_mixin.py:188} INFO - [2026-03-13T13:44:26.996+0000] {dag.py:3036} INFO - Sync 1 DAGs
[2026-03-13T13:44:27.037+0000] {logging_mixin.py:188} INFO - [2026-03-13T13:44:27.036+0000] {dag.py:3823} INFO - Setting next_dagrun for full_tourisme_pipeline to 2026-03-13 08:00:00+00:00, run_after=2026-03-13 20:00:00+00:00
[2026-03-13T13:44:27.070+0000] {processor.py:183} INFO - Processing /opt/airflow/dags/tourisme_main_pipeline.py took 0.189 seconds
[2026-03-13T13:44:57.368+0000] {processor.py:161} INFO - Started process (PID=237) to work on /opt/airflow/dags/tourisme_main_pipeline.py
[2026-03-13T13:44:57.369+0000] {processor.py:830} INFO - Processing file /opt/airflow/dags/tourisme_main_pipeline.py for tasks to queue
[2026-03-13T13:44:57.370+0000] {logging_mixin.py:188} INFO - [2026-03-13T13:44:57.369+0000] {dagbag.py:538} INFO - Filling up the DagBag from /opt/airflow/dags/tourisme_main_pipeline.py
[2026-03-13T13:44:57.384+0000] {processor.py:840} INFO - DAG(s) 'full_tourisme_pipeline' retrieved from /opt/airflow/dags/tourisme_main_pipeline.py
[2026-03-13T13:44:57.407+0000] {logging_mixin.py:188} INFO - [2026-03-13T13:44:57.407+0000] {dag.py:3036} INFO - Sync 1 DAGs
[2026-03-13T13:44:57.421+0000] {logging_mixin.py:188} INFO - [2026-03-13T13:44:57.421+0000] {dag.py:3823} INFO - Setting next_dagrun for full_tourisme_pipeline to 2026-03-13 08:00:00+00:00, run_after=2026-03-13 20:00:00+00:00
[2026-03-13T13:44:57.429+0000] {processor.py:183} INFO - Processing /opt/airflow/dags/tourisme_main_pipeline.py took 0.067 seconds
[2026-03-13T13:45:27.611+0000] {processor.py:161} INFO - Started process (PID=242) to work on /opt/airflow/dags/tourisme_main_pipeline.py
[2026-03-13T13:45:27.613+0000] {processor.py:830} INFO - Processing file /opt/airflow/dags/tourisme_main_pipeline.py for tasks to queue
[2026-03-13T13:45:27.613+0000] {logging_mixin.py:188} INFO - [2026-03-13T13:45:27.613+0000] {dagbag.py:538} INFO - Filling up the DagBag from /opt/airflow/dags/tourisme_main_pipeline.py
[2026-03-13T13:45:27.624+0000] {processor.py:840} INFO - DAG(s) 'full_tourisme_pipeline' retrieved from /opt/airflow/dags/tourisme_main_pipeline.py
[2026-03-13T13:45:27.643+0000] {logging_mixin.py:188} INFO - [2026-03-13T13:45:27.643+0000] {dag.py:3036} INFO - Sync 1 DAGs
[2026-03-13T13:45:27.654+0000] {logging_mixin.py:188} INFO - [2026-03-13T13:45:27.654+0000] {dag.py:3823} INFO - Setting next_dagrun for full_tourisme_pipeline to 2026-03-13 08:00:00+00:00, run_after=2026-03-13 20:00:00+00:00
[2026-03-13T13:45:27.662+0000] {processor.py:183} INFO - Processing /opt/airflow/dags/tourisme_main_pipeline.py took 0.054 seconds
[2026-03-13T13:45:57.907+0000] {processor.py:161} INFO - Started process (PID=247) to work on /opt/airflow/dags/tourisme_main_pipeline.py
[2026-03-13T13:45:57.908+0000] {processor.py:830} INFO - Processing file /opt/airflow/dags/tourisme_main_pipeline.py for tasks to queue
[2026-03-13T13:45:57.910+0000] {logging_mixin.py:188} INFO - [2026-03-13T13:45:57.909+0000] {dagbag.py:538} INFO - Filling up the DagBag from /opt/airflow/dags/tourisme_main_pipeline.py
[2026-03-13T13:45:57.924+0000] {processor.py:840} INFO - DAG(s) 'full_tourisme_pipeline' retrieved from /opt/airflow/dags/tourisme_main_pipeline.py
[2026-03-13T13:45:57.952+0000] {logging_mixin.py:188} INFO - [2026-03-13T13:45:57.952+0000] {dag.py:3036} INFO - Sync 1 DAGs
[2026-03-13T13:45:57.969+0000] {logging_mixin.py:188} INFO - [2026-03-13T13:45:57.969+0000] {dag.py:3823} INFO - Setting next_dagrun for full_tourisme_pipeline to 2026-03-13 08:00:00+00:00, run_after=2026-03-13 20:00:00+00:00
[2026-03-13T13:45:57.980+0000] {processor.py:183} INFO - Processing /opt/airflow/dags/tourisme_main_pipeline.py took 0.077 seconds
[2026-03-13T13:46:28.172+0000] {processor.py:161} INFO - Started process (PID=252) to work on /opt/airflow/dags/tourisme_main_pipeline.py
[2026-03-13T13:46:28.174+0000] {processor.py:830} INFO - Processing file /opt/airflow/dags/tourisme_main_pipeline.py for tasks to queue
[2026-03-13T13:46:28.175+0000] {logging_mixin.py:188} INFO - [2026-03-13T13:46:28.174+0000] {dagbag.py:538} INFO - Filling up the DagBag from /opt/airflow/dags/tourisme_main_pipeline.py
[2026-03-13T13:46:28.192+0000] {processor.py:840} INFO - DAG(s) 'full_tourisme_pipeline' retrieved from /opt/airflow/dags/tourisme_main_pipeline.py
[2026-03-13T13:46:28.222+0000] {logging_mixin.py:188} INFO - [2026-03-13T13:46:28.222+0000] {dag.py:3036} INFO - Sync 1 DAGs
[2026-03-13T13:46:28.240+0000] {logging_mixin.py:188} INFO - [2026-03-13T13:46:28.240+0000] {dag.py:3823} INFO - Setting next_dagrun for full_tourisme_pipeline to 2026-03-13 08:00:00+00:00, run_after=2026-03-13 20:00:00+00:00
[2026-03-13T13:46:28.252+0000] {processor.py:183} INFO - Processing /opt/airflow/dags/tourisme_main_pipeline.py took 0.083 seconds
[2026-03-13T13:46:58.395+0000] {processor.py:161} INFO - Started process (PID=257) to work on /opt/airflow/dags/tourisme_main_pipeline.py
[2026-03-13T13:46:58.396+0000] {processor.py:830} INFO - Processing file /opt/airflow/dags/tourisme_main_pipeline.py for tasks to queue
[2026-03-13T13:46:58.397+0000] {logging_mixin.py:188} INFO - [2026-03-13T13:46:58.397+0000] {dagbag.py:538} INFO - Filling up the DagBag from /opt/airflow/dags/tourisme_main_pipeline.py
[2026-03-13T13:46:58.413+0000] {processor.py:840} INFO - DAG(s) 'full_tourisme_pipeline' retrieved from /opt/airflow/dags/tourisme_main_pipeline.py
[2026-03-13T13:46:58.439+0000] {logging_mixin.py:188} INFO - [2026-03-13T13:46:58.439+0000] {dag.py:3036} INFO - Sync 1 DAGs
[2026-03-13T13:46:58.456+0000] {logging_mixin.py:188} INFO - [2026-03-13T13:46:58.456+0000] {dag.py:3823} INFO - Setting next_dagrun for full_tourisme_pipeline to 2026-03-13 08:00:00+00:00, run_after=2026-03-13 20:00:00+00:00
[2026-03-13T13:46:58.467+0000] {processor.py:183} INFO - Processing /opt/airflow/dags/tourisme_main_pipeline.py took 0.076 seconds
[2026-03-13T13:47:38.968+0000] {processor.py:161} INFO - Started process (PID=168) to work on /opt/airflow/dags/tourisme_main_pipeline.py
[2026-03-13T13:47:38.971+0000] {processor.py:830} INFO - Processing file /opt/airflow/dags/tourisme_main_pipeline.py for tasks to queue
[2026-03-13T13:47:38.972+0000] {logging_mixin.py:188} INFO - [2026-03-13T13:47:38.971+0000] {dagbag.py:538} INFO - Filling up the DagBag from /opt/airflow/dags/tourisme_main_pipeline.py
[2026-03-13T13:47:38.986+0000] {processor.py:840} INFO - DAG(s) 'full_tourisme_pipeline' retrieved from /opt/airflow/dags/tourisme_main_pipeline.py
[2026-03-13T13:47:39.008+0000] {logging_mixin.py:188} INFO - [2026-03-13T13:47:39.007+0000] {dag.py:3036} INFO - Sync 1 DAGs
[2026-03-13T13:47:39.021+0000] {logging_mixin.py:188} INFO - [2026-03-13T13:47:39.021+0000] {dag.py:3823} INFO - Setting next_dagrun for full_tourisme_pipeline to 2026-03-13 08:00:00+00:00, run_after=2026-03-13 20:00:00+00:00
[2026-03-13T13:47:39.032+0000] {processor.py:183} INFO - Processing /opt/airflow/dags/tourisme_main_pipeline.py took 0.068 seconds
[2026-03-13T13:48:09.234+0000] {processor.py:161} INFO - Started process (PID=174) to work on /opt/airflow/dags/tourisme_main_pipeline.py
[2026-03-13T13:48:09.235+0000] {processor.py:830} INFO - Processing file /opt/airflow/dags/tourisme_main_pipeline.py for tasks to queue
[2026-03-13T13:48:09.236+0000] {logging_mixin.py:188} INFO - [2026-03-13T13:48:09.235+0000] {dagbag.py:538} INFO - Filling up the DagBag from /opt/airflow/dags/tourisme_main_pipeline.py
[2026-03-13T13:48:09.251+0000] {processor.py:840} INFO - DAG(s) 'full_tourisme_pipeline' retrieved from /opt/airflow/dags/tourisme_main_pipeline.py
[2026-03-13T13:48:09.386+0000] {logging_mixin.py:188} INFO - [2026-03-13T13:48:09.386+0000] {dag.py:3036} INFO - Sync 1 DAGs
[2026-03-13T13:48:09.397+0000] {logging_mixin.py:188} INFO - [2026-03-13T13:48:09.397+0000] {dag.py:3823} INFO - Setting next_dagrun for full_tourisme_pipeline to 2026-03-13 08:00:00+00:00, run_after=2026-03-13 20:00:00+00:00
[2026-03-13T13:48:09.407+0000] {processor.py:183} INFO - Processing /opt/airflow/dags/tourisme_main_pipeline.py took 0.177 seconds
[2026-03-13T13:48:39.565+0000] {processor.py:161} INFO - Started process (PID=185) to work on /opt/airflow/dags/tourisme_main_pipeline.py
[2026-03-13T13:48:39.566+0000] {processor.py:830} INFO - Processing file /opt/airflow/dags/tourisme_main_pipeline.py for tasks to queue
[2026-03-13T13:48:39.566+0000] {logging_mixin.py:188} INFO - [2026-03-13T13:48:39.566+0000] {dagbag.py:538} INFO - Filling up the DagBag from /opt/airflow/dags/tourisme_main_pipeline.py
[2026-03-13T13:48:39.579+0000] {processor.py:840} INFO - DAG(s) 'full_tourisme_pipeline' retrieved from /opt/airflow/dags/tourisme_main_pipeline.py
[2026-03-13T13:48:39.619+0000] {logging_mixin.py:188} INFO - [2026-03-13T13:48:39.619+0000] {dag.py:3036} INFO - Sync 1 DAGs
[2026-03-13T13:48:39.646+0000] {logging_mixin.py:188} INFO - [2026-03-13T13:48:39.645+0000] {dag.py:3823} INFO - Setting next_dagrun for full_tourisme_pipeline to 2026-03-13 08:00:00+00:00, run_after=2026-03-13 20:00:00+00:00
[2026-03-13T13:48:39.664+0000] {processor.py:183} INFO - Processing /opt/airflow/dags/tourisme_main_pipeline.py took 0.102 seconds
[2026-03-13T13:49:09.824+0000] {processor.py:161} INFO - Started process (PID=192) to work on /opt/airflow/dags/tourisme_main_pipeline.py
[2026-03-13T13:49:09.826+0000] {processor.py:830} INFO - Processing file /opt/airflow/dags/tourisme_main_pipeline.py for tasks to queue
[2026-03-13T13:49:09.828+0000] {logging_mixin.py:188} INFO - [2026-03-13T13:49:09.828+0000] {dagbag.py:538} INFO - Filling up the DagBag from /opt/airflow/dags/tourisme_main_pipeline.py
[2026-03-13T13:49:09.912+0000] {processor.py:840} INFO - DAG(s) 'full_tourisme_pipeline' retrieved from /opt/airflow/dags/tourisme_main_pipeline.py
[2026-03-13T13:49:09.978+0000] {logging_mixin.py:188} INFO - [2026-03-13T13:49:09.977+0000] {dag.py:3036} INFO - Sync 1 DAGs
[2026-03-13T13:49:10.013+0000] {logging_mixin.py:188} INFO - [2026-03-13T13:49:10.012+0000] {dag.py:3823} INFO - Setting next_dagrun for full_tourisme_pipeline to 2026-03-13 08:00:00+00:00, run_after=2026-03-13 20:00:00+00:00
[2026-03-13T13:49:10.028+0000] {processor.py:183} INFO - Processing /opt/airflow/dags/tourisme_main_pipeline.py took 0.214 seconds
[2026-03-13T13:49:40.089+0000] {processor.py:161} INFO - Started process (PID=199) to work on /opt/airflow/dags/tourisme_main_pipeline.py
[2026-03-13T13:49:40.093+0000] {processor.py:830} INFO - Processing file /opt/airflow/dags/tourisme_main_pipeline.py for tasks to queue
[2026-03-13T13:49:40.095+0000] {logging_mixin.py:188} INFO - [2026-03-13T13:49:40.094+0000] {dagbag.py:538} INFO - Filling up the DagBag from /opt/airflow/dags/tourisme_main_pipeline.py
[2026-03-13T13:49:40.116+0000] {processor.py:840} INFO - DAG(s) 'full_tourisme_pipeline' retrieved from /opt/airflow/dags/tourisme_main_pipeline.py
[2026-03-13T13:49:40.153+0000] {logging_mixin.py:188} INFO - [2026-03-13T13:49:40.153+0000] {dag.py:3036} INFO - Sync 1 DAGs
[2026-03-13T13:49:40.176+0000] {logging_mixin.py:188} INFO - [2026-03-13T13:49:40.176+0000] {dag.py:3823} INFO - Setting next_dagrun for full_tourisme_pipeline to 2026-03-13 08:00:00+00:00, run_after=2026-03-13 20:00:00+00:00
[2026-03-13T13:49:40.192+0000] {processor.py:183} INFO - Processing /opt/airflow/dags/tourisme_main_pipeline.py took 0.110 seconds
[2026-03-13T13:50:10.516+0000] {processor.py:161} INFO - Started process (PID=204) to work on /opt/airflow/dags/tourisme_main_pipeline.py
[2026-03-13T13:50:10.518+0000] {processor.py:830} INFO - Processing file /opt/airflow/dags/tourisme_main_pipeline.py for tasks to queue
[2026-03-13T13:50:10.519+0000] {logging_mixin.py:188} INFO - [2026-03-13T13:50:10.518+0000] {dagbag.py:538} INFO - Filling up the DagBag from /opt/airflow/dags/tourisme_main_pipeline.py
[2026-03-13T13:50:10.535+0000] {processor.py:840} INFO - DAG(s) 'full_tourisme_pipeline' retrieved from /opt/airflow/dags/tourisme_main_pipeline.py
[2026-03-13T13:50:10.566+0000] {logging_mixin.py:188} INFO - [2026-03-13T13:50:10.566+0000] {dag.py:3036} INFO - Sync 1 DAGs
[2026-03-13T13:50:10.583+0000] {logging_mixin.py:188} INFO - [2026-03-13T13:50:10.583+0000] {dag.py:3823} INFO - Setting next_dagrun for full_tourisme_pipeline to 2026-03-13 08:00:00+00:00, run_after=2026-03-13 20:00:00+00:00
[2026-03-13T13:50:10.595+0000] {processor.py:183} INFO - Processing /opt/airflow/dags/tourisme_main_pipeline.py took 0.083 seconds
[2026-03-13T13:50:40.853+0000] {processor.py:161} INFO - Started process (PID=209) to work on /opt/airflow/dags/tourisme_main_pipeline.py
[2026-03-13T13:50:40.854+0000] {processor.py:830} INFO - Processing file /opt/airflow/dags/tourisme_main_pipeline.py for tasks to queue
[2026-03-13T13:50:40.855+0000] {logging_mixin.py:188} INFO - [2026-03-13T13:50:40.854+0000] {dagbag.py:538} INFO - Filling up the DagBag from /opt/airflow/dags/tourisme_main_pipeline.py
[2026-03-13T13:50:40.868+0000] {processor.py:840} INFO - DAG(s) 'full_tourisme_pipeline' retrieved from /opt/airflow/dags/tourisme_main_pipeline.py
[2026-03-13T13:50:40.905+0000] {logging_mixin.py:188} INFO - [2026-03-13T13:50:40.905+0000] {dag.py:3036} INFO - Sync 1 DAGs
[2026-03-13T13:50:40.934+0000] {logging_mixin.py:188} INFO - [2026-03-13T13:50:40.934+0000] {dag.py:3823} INFO - Setting next_dagrun for full_tourisme_pipeline to 2026-03-13 08:00:00+00:00, run_after=2026-03-13 20:00:00+00:00
[2026-03-13T13:50:40.947+0000] {processor.py:183} INFO - Processing /opt/airflow/dags/tourisme_main_pipeline.py took 0.098 seconds
[2026-03-13T13:51:11.214+0000] {processor.py:161} INFO - Started process (PID=214) to work on /opt/airflow/dags/tourisme_main_pipeline.py
[2026-03-13T13:51:11.217+0000] {processor.py:830} INFO - Processing file /opt/airflow/dags/tourisme_main_pipeline.py for tasks to queue
[2026-03-13T13:51:11.219+0000] {logging_mixin.py:188} INFO - [2026-03-13T13:51:11.218+0000] {dagbag.py:538} INFO - Filling up the DagBag from /opt/airflow/dags/tourisme_main_pipeline.py
[2026-03-13T13:51:11.247+0000] {processor.py:840} INFO - DAG(s) 'full_tourisme_pipeline' retrieved from /opt/airflow/dags/tourisme_main_pipeline.py
[2026-03-13T13:51:11.281+0000] {logging_mixin.py:188} INFO - [2026-03-13T13:51:11.281+0000] {dag.py:3036} INFO - Sync 1 DAGs
[2026-03-13T13:51:11.308+0000] {logging_mixin.py:188} INFO - [2026-03-13T13:51:11.307+0000] {dag.py:3823} INFO - Setting next_dagrun for full_tourisme_pipeline to 2026-03-13 08:00:00+00:00, run_after=2026-03-13 20:00:00+00:00
[2026-03-13T13:51:11.329+0000] {processor.py:183} INFO - Processing /opt/airflow/dags/tourisme_main_pipeline.py took 0.123 seconds
[2026-03-13T13:51:41.569+0000] {processor.py:161} INFO - Started process (PID=219) to work on /opt/airflow/dags/tourisme_main_pipeline.py
[2026-03-13T13:51:41.570+0000] {processor.py:830} INFO - Processing file /opt/airflow/dags/tourisme_main_pipeline.py for tasks to queue
[2026-03-13T13:51:41.571+0000] {logging_mixin.py:188} INFO - [2026-03-13T13:51:41.570+0000] {dagbag.py:538} INFO - Filling up the DagBag from /opt/airflow/dags/tourisme_main_pipeline.py
[2026-03-13T13:51:41.585+0000] {processor.py:840} INFO - DAG(s) 'full_tourisme_pipeline' retrieved from /opt/airflow/dags/tourisme_main_pipeline.py
[2026-03-13T13:51:41.608+0000] {logging_mixin.py:188} INFO - [2026-03-13T13:51:41.608+0000] {dag.py:3036} INFO - Sync 1 DAGs
[2026-03-13T13:51:41.623+0000] {logging_mixin.py:188} INFO - [2026-03-13T13:51:41.623+0000] {dag.py:3823} INFO - Setting next_dagrun for full_tourisme_pipeline to 2026-03-13 08:00:00+00:00, run_after=2026-03-13 20:00:00+00:00
[2026-03-13T13:51:41.632+0000] {processor.py:183} INFO - Processing /opt/airflow/dags/tourisme_main_pipeline.py took 0.067 seconds
[2026-03-13T13:52:11.876+0000] {processor.py:161} INFO - Started process (PID=224) to work on /opt/airflow/dags/tourisme_main_pipeline.py
[2026-03-13T13:52:11.878+0000] {processor.py:830} INFO - Processing file /opt/airflow/dags/tourisme_main_pipeline.py for tasks to queue
[2026-03-13T13:52:11.879+0000] {logging_mixin.py:188} INFO - [2026-03-13T13:52:11.878+0000] {dagbag.py:538} INFO - Filling up the DagBag from /opt/airflow/dags/tourisme_main_pipeline.py
[2026-03-13T13:52:11.892+0000] {processor.py:840} INFO - DAG(s) 'full_tourisme_pipeline' retrieved from /opt/airflow/dags/tourisme_main_pipeline.py
[2026-03-13T13:52:11.911+0000] {logging_mixin.py:188} INFO - [2026-03-13T13:52:11.911+0000] {dag.py:3036} INFO - Sync 1 DAGs
[2026-03-13T13:52:11.923+0000] {logging_mixin.py:188} INFO - [2026-03-13T13:52:11.923+0000] {dag.py:3823} INFO - Setting next_dagrun for full_tourisme_pipeline to 2026-03-13 08:00:00+00:00, run_after=2026-03-13 20:00:00+00:00
[2026-03-13T13:52:11.933+0000] {processor.py:183} INFO - Processing /opt/airflow/dags/tourisme_main_pipeline.py took 0.062 seconds
[2026-03-13T13:52:42.198+0000] {processor.py:161} INFO - Started process (PID=229) to work on /opt/airflow/dags/tourisme_main_pipeline.py
[2026-03-13T13:52:42.199+0000] {processor.py:830} INFO - Processing file /opt/airflow/dags/tourisme_main_pipeline.py for tasks to queue
[2026-03-13T13:52:42.200+0000] {logging_mixin.py:188} INFO - [2026-03-13T13:52:42.200+0000] {dagbag.py:538} INFO - Filling up the DagBag from /opt/airflow/dags/tourisme_main_pipeline.py
[2026-03-13T13:52:42.212+0000] {processor.py:840} INFO - DAG(s) 'full_tourisme_pipeline' retrieved from /opt/airflow/dags/tourisme_main_pipeline.py
[2026-03-13T13:52:42.237+0000] {logging_mixin.py:188} INFO - [2026-03-13T13:52:42.237+0000] {dag.py:3036} INFO - Sync 1 DAGs
[2026-03-13T13:52:42.249+0000] {logging_mixin.py:188} INFO - [2026-03-13T13:52:42.249+0000] {dag.py:3823} INFO - Setting next_dagrun for full_tourisme_pipeline to 2026-03-13 08:00:00+00:00, run_after=2026-03-13 20:00:00+00:00
[2026-03-13T13:52:42.256+0000] {processor.py:183} INFO - Processing /opt/airflow/dags/tourisme_main_pipeline.py took 0.062 seconds
[2026-03-13T13:53:12.539+0000] {processor.py:161} INFO - Started process (PID=234) to work on /opt/airflow/dags/tourisme_main_pipeline.py
[2026-03-13T13:53:12.540+0000] {processor.py:830} INFO - Processing file /opt/airflow/dags/tourisme_main_pipeline.py for tasks to queue
[2026-03-13T13:53:12.541+0000] {logging_mixin.py:188} INFO - [2026-03-13T13:53:12.540+0000] {dagbag.py:538} INFO - Filling up the DagBag from /opt/airflow/dags/tourisme_main_pipeline.py
[2026-03-13T13:53:12.555+0000] {processor.py:840} INFO - DAG(s) 'full_tourisme_pipeline' retrieved from /opt/airflow/dags/tourisme_main_pipeline.py
[2026-03-13T13:53:12.579+0000] {logging_mixin.py:188} INFO - [2026-03-13T13:53:12.579+0000] {dag.py:3036} INFO - Sync 1 DAGs
[2026-03-13T13:53:12.598+0000] {logging_mixin.py:188} INFO - [2026-03-13T13:53:12.598+0000] {dag.py:3823} INFO - Setting next_dagrun for full_tourisme_pipeline to 2026-03-13 08:00:00+00:00, run_after=2026-03-13 20:00:00+00:00
[2026-03-13T13:53:12.607+0000] {processor.py:183} INFO - Processing /opt/airflow/dags/tourisme_main_pipeline.py took 0.072 seconds
