[2026-03-13T13:38:46.524+0000] {taskinstance.py:1956} INFO - Dependencies all met for dep_context=non-requeueable deps ti=<TaskInstance: full_tourisme_pipeline.get_auth_token manual__2026-03-13T13:38:45.335697+00:00 [queued]>
[2026-03-13T13:38:46.528+0000] {taskinstance.py:1956} INFO - Dependencies all met for dep_context=requeueable deps ti=<TaskInstance: full_tourisme_pipeline.get_auth_token manual__2026-03-13T13:38:45.335697+00:00 [queued]>
[2026-03-13T13:38:46.528+0000] {taskinstance.py:2170} INFO - Starting attempt 1 of 1
[2026-03-13T13:38:46.532+0000] {taskinstance.py:2191} INFO - Executing <Task(PythonOperator): get_auth_token> on 2026-03-13 13:38:45.335697+00:00
[2026-03-13T13:38:46.534+0000] {standard_task_runner.py:60} INFO - Started process 176 to run task
[2026-03-13T13:38:46.535+0000] {standard_task_runner.py:87} INFO - Running: ['airflow', 'tasks', 'run', 'full_tourisme_pipeline', 'get_auth_token', 'manual__2026-03-13T13:38:45.335697+00:00', '--job-id', '8', '--raw', '--subdir', 'DAGS_FOLDER/tourisme_main_pipeline.py', '--cfg-path', '/tmp/tmppyc3tch_']
[2026-03-13T13:38:46.536+0000] {standard_task_runner.py:88} INFO - Job 8: Subtask get_auth_token
[2026-03-13T13:38:46.544+0000] {logging_mixin.py:188} WARNING - /home/airflow/.local/lib/python3.8/site-packages/airflow/settings.py:194 DeprecationWarning: The sql_alchemy_conn option in [core] has been moved to the sql_alchemy_conn option in [database] - the old setting has been used, but please update your config.
[2026-03-13T13:38:46.563+0000] {task_command.py:423} INFO - Running <TaskInstance: full_tourisme_pipeline.get_auth_token manual__2026-03-13T13:38:45.335697+00:00 [running]> on host e487a3fac4cf
[2026-03-13T13:38:46.599+0000] {taskinstance.py:2480} INFO - Exporting env vars: AIRFLOW_CTX_DAG_OWNER='airflow' AIRFLOW_CTX_DAG_ID='full_tourisme_pipeline' AIRFLOW_CTX_TASK_ID='get_auth_token' AIRFLOW_CTX_EXECUTION_DATE='2026-03-13T13:38:45.335697+00:00' AIRFLOW_CTX_TRY_NUMBER='1' AIRFLOW_CTX_DAG_RUN_ID='manual__2026-03-13T13:38:45.335697+00:00'
[2026-03-13T13:38:46.822+0000] {taskinstance.py:2698} ERROR - Task failed with exception
Traceback (most recent call last):
  File "/home/airflow/.local/lib/python3.8/site-packages/airflow/models/taskinstance.py", line 433, in _execute_task
    result = execute_callable(context=context, **execute_callable_kwargs)
  File "/home/airflow/.local/lib/python3.8/site-packages/airflow/operators/python.py", line 199, in execute
    return_value = self.execute_callable()
  File "/home/airflow/.local/lib/python3.8/site-packages/airflow/operators/python.py", line 216, in execute_callable
    return self.python_callable(*self.op_args, **self.op_kwargs)
  File "/opt/airflow/dags/tourisme_main_pipeline.py", line 16, in get_token
    response.raise_for_status()
  File "/home/airflow/.local/lib/python3.8/site-packages/requests/models.py", line 1021, in raise_for_status
    raise HTTPError(http_error_msg, response=self)
requests.exceptions.HTTPError: 401 Client Error: Unauthorized for url: http://api:8000/token
[2026-03-13T13:38:46.828+0000] {taskinstance.py:1138} INFO - Marking task as FAILED. dag_id=full_tourisme_pipeline, task_id=get_auth_token, execution_date=20260313T133845, start_date=20260313T133846, end_date=20260313T133846
[2026-03-13T13:38:46.836+0000] {standard_task_runner.py:107} ERROR - Failed to execute job 8 for task get_auth_token (401 Client Error: Unauthorized for url: http://api:8000/token; 176)
[2026-03-13T13:38:46.840+0000] {local_task_job_runner.py:234} INFO - Task exited with return code 1
[2026-03-13T13:38:46.852+0000] {taskinstance.py:3280} INFO - 0 downstream tasks scheduled from follow-on schedule check
